<?xml version="1.0" encoding="UTF-8"?>
<testng-results skipped="0" failed="0" ignored="0" total="1" passed="1">
  <reporter-output>
  </reporter-output>
  <suite name="Default suite" duration-ms="3718" started-at="2022-12-16T16:16:34 IST" finished-at="2022-12-16T16:16:38 IST">
    <groups>
    </groups>
    <test name="Default test" duration-ms="3718" started-at="2022-12-16T16:16:34 IST" finished-at="2022-12-16T16:16:38 IST">
      <class name="endToEndScenarios.EndToEndScenario2">
        <test-method status="PASS" signature="bsConfig()[pri:0, instance:endToEndScenarios.EndToEndScenario2@782663d3]" name="bsConfig" is-config="true" duration-ms="909" started-at="2022-12-16T16:16:33 IST" finished-at="2022-12-16T16:16:34 IST">
          <reporter-output>
          </reporter-output>
        </test-method> <!-- bsConfig -->
        <test-method status="PASS" signature="endToEndScenario()[pri:0, instance:endToEndScenarios.EndToEndScenario2@782663d3]" name="endToEndScenario" duration-ms="3678" started-at="2022-12-16T16:16:34 IST" finished-at="2022-12-16T16:16:38 IST">
          <reporter-output>
          </reporter-output>
        </test-method> <!-- endToEndScenario -->
        <test-method status="PASS" signature="asConfig()[pri:0, instance:endToEndScenarios.EndToEndScenario2@782663d3]" name="asConfig" is-config="true" duration-ms="9" started-at="2022-12-16T16:16:38 IST" finished-at="2022-12-16T16:16:38 IST">
          <reporter-output>
          </reporter-output>
        </test-method> <!-- asConfig -->
      </class> <!-- endToEndScenarios.EndToEndScenario2 -->
    </test> <!-- Default test -->
  </suite> <!-- Default suite -->
</testng-results>
